<?xml version="1.0" encoding="UTF-8"?>
<!-- Generated by org.testng.reporters.JUnitXMLReporter -->
<testsuite ignored="1" hostname="LAPTOP-39NIES78" failures="0" tests="1" name="Default test" time="20.622" errors="0" timestamp="2025-01-08T17:47:51 EST">
  <testcase classname="testcases.HomePageTest" name="clickQueueDropDownTest" time="8.405"/>
  <testcase classname="testcases.HomePageTest" name="clickStackLinkTest" time="0.0">
    <ignored/>
  </testcase> <!-- clickStackLinkTest -->
</testsuite> <!-- Default test -->
