<?xml version="1.0" encoding="UTF-8"?>
<testng-results ignored="0" total="1" passed="1" failed="0" skipped="0">
  <reporter-output>
  </reporter-output>
  <suite started-at="2025-01-08T17:47:31 EST" name="Default suite" finished-at="2025-01-08T17:47:51 EST" duration-ms="20622">
    <groups>
    </groups>
    <test started-at="2025-01-08T17:47:31 EST" name="Default test" finished-at="2025-01-08T17:47:51 EST" duration-ms="20622">
      <class name="testcases.HomePageTest">
        <test-method is-config="true" signature="InitialSetUp()[pri:0, instance:testcases.HomePageTest@600b0b7]" started-at="2025-01-08T17:47:31 EST" name="InitialSetUp" finished-at="2025-01-08T17:47:41 EST" duration-ms="10066" status="PASS">
          <reporter-output>
          </reporter-output>
        </test-method> <!-- InitialSetUp -->
        <test-method signature="clickQueueDropDownTest()[pri:0, instance:testcases.HomePageTest@600b0b7]" started-at="2025-01-08T17:47:43 EST" name="clickQueueDropDownTest" finished-at="2025-01-08T17:47:51 EST" duration-ms="8405" status="PASS">
          <reporter-output>
          </reporter-output>
        </test-method> <!-- clickQueueDropDownTest -->
        <test-method is-config="true" signature="tearDownDriver()[pri:0, instance:testcases.HomePageTest@600b0b7]" started-at="2025-01-08T17:47:51 EST" name="tearDownDriver" finished-at="2025-01-08T17:47:51 EST" duration-ms="182" status="PASS">
          <reporter-output>
          </reporter-output>
        </test-method> <!-- tearDownDriver -->
      </class> <!-- testcases.HomePageTest -->
    </test> <!-- Default test -->
  </suite> <!-- Default suite -->
</testng-results>
